<?xml version="1.0" encoding="UTF-8"?>
<!-- Generated by org.testng.reporters.JUnitXMLReporter -->
<testsuite hostname="HIBAIL56180" ignored="0" name="Test" tests="2" failures="0" timestamp="14 Apr 2020 14:19:16 GMT" time="1.478" errors="0">
  <testcase name="runScenario" time="0.206" classname="io.cucumber.testng.AbstractTestNGCucumberTests">
    <skipped/>
  </testcase> <!-- runScenario -->
  <testcase name="scenario" time="0.017" classname="RunnerClass.Runner">
    <skipped/>
  </testcase> <!-- scenario -->
</testsuite> <!-- Test -->
