<?xml version="1.0" encoding="UTF-8"?>
<testng-results skipped="0" failed="0" ignored="0" total="2" passed="2">
  <reporter-output>
  </reporter-output>
  <suite name="Suite" duration-ms="1830" started-at="2020-04-14T15:08:31Z" finished-at="2020-04-14T15:08:33Z">
    <groups>
      <group name="cucumber scenarios">
        <method signature="Runner.scenario(io.cucumber.testng.PickleWrapper, io.cucumber.testng.FeatureWrapper)[pri:0, instance:RunnerClass.Runner@4c70fda8]" name="scenario" class="RunnerClass.Runner"/>
      </group> <!-- cucumber scenarios -->
      <group name="cucumber">
        <method signature="AbstractTestNGCucumberTests.runScenario(io.cucumber.testng.PickleWrapper, io.cucumber.testng.FeatureWrapper)[pri:0, instance:RunnerClass.Runner@4c70fda8]" name="runScenario" class="io.cucumber.testng.AbstractTestNGCucumberTests"/>
      </group> <!-- cucumber -->
    </groups>
    <test name="Test" duration-ms="1830" started-at="2020-04-14T15:08:31Z" finished-at="2020-04-14T15:08:33Z">
      <class name="RunnerClass.Runner">
        <test-method status="PASS" signature="setUpClass()[pri:0, instance:RunnerClass.Runner@4c70fda8]" name="setUpClass" is-config="true" duration-ms="938" started-at="2020-04-14T15:08:31Z" finished-at="2020-04-14T15:08:32Z">
          <reporter-output>
          </reporter-output>
        </test-method> <!-- setUpClass -->
        <test-method status="PASS" signature="setup()[pri:0, instance:RunnerClass.Runner@4c70fda8]" name="setup" is-config="true" duration-ms="48" started-at="2020-04-14T15:08:32Z" finished-at="2020-04-14T15:08:32Z">
          <reporter-output>
          </reporter-output>
        </test-method> <!-- setup -->
        <test-method status="PASS" signature="runScenario(io.cucumber.testng.PickleWrapper, io.cucumber.testng.FeatureWrapper)[pri:0, instance:RunnerClass.Runner@4c70fda8]" name="runScenario" duration-ms="370" started-at="2020-04-14T15:08:32Z" description="Runs Cucumber Scenarios" data-provider="scenarios" finished-at="2020-04-14T15:08:32Z">
          <params>
            <param index="0">
              <value>
                <![CDATA["Verify the datatable"]]>
              </value>
            </param>
            <param index="1">
              <value>
                <![CDATA["Verify the datatable"]]>
              </value>
            </param>
          </params>
          <reporter-output>
          </reporter-output>
        </test-method> <!-- runScenario -->
        <test-method status="PASS" signature="scenario(io.cucumber.testng.PickleWrapper, io.cucumber.testng.FeatureWrapper)[pri:0, instance:RunnerClass.Runner@4c70fda8]" name="scenario" duration-ms="23" started-at="2020-04-14T15:08:32Z" description="Runs Cucumber Scenarios" data-provider="scenarios" finished-at="2020-04-14T15:08:32Z">
          <params>
            <param index="0">
              <value>
                <![CDATA["Verify the datatable"]]>
              </value>
            </param>
            <param index="1">
              <value>
                <![CDATA["Verify the datatable"]]>
              </value>
            </param>
          </params>
          <reporter-output>
          </reporter-output>
        </test-method> <!-- scenario -->
        <test-method status="PASS" signature="tearDown()[pri:0, instance:RunnerClass.Runner@4c70fda8]" name="tearDown" is-config="true" duration-ms="331" started-at="2020-04-14T15:08:32Z" finished-at="2020-04-14T15:08:33Z">
          <reporter-output>
          </reporter-output>
        </test-method> <!-- tearDown -->
        <test-method status="PASS" signature="tearDownClass()[pri:0, instance:RunnerClass.Runner@4c70fda8]" name="tearDownClass" is-config="true" duration-ms="76" started-at="2020-04-14T15:08:33Z" finished-at="2020-04-14T15:08:33Z">
          <reporter-output>
          </reporter-output>
        </test-method> <!-- tearDownClass -->
      </class> <!-- RunnerClass.Runner -->
    </test> <!-- Test -->
  </suite> <!-- Suite -->
</testng-results>
